2025-08-30 16:22:01.423 +03:00 [INF] Starting Chunk Application...
2025-08-30 16:22:03.216 +03:00 [INF] Executed DbCommand (102ms) [Parameters=[], CommandType='"Text"', CommandTimeout='30']
PRAGMA journal_mode = 'wal';
2025-08-30 16:22:03.625 +03:00 [INF] Executed DbCommand (2ms) [Parameters=[], CommandType='"Text"', CommandTimeout='30']
CREATE TABLE "Files" (
    "Id" TEXT NOT NULL CONSTRAINT "PK_Files" PRIMARY KEY,
    "FileName" TEXT NOT NULL,
    "OriginalPath" TEXT NOT NULL,
    "FileSize" INTEGER NOT NULL,
    "Checksum" TEXT NOT NULL,
    "CreatedAt" TEXT NOT NULL,
    "LastAccessed" TEXT NULL,
    "TotalChunks" INTEGER NOT NULL,
    "ChunkSize" INTEGER NOT NULL
);
2025-08-30 16:22:03.636 +03:00 [INF] Executed DbCommand (0ms) [Parameters=[], CommandType='"Text"', CommandTimeout='30']
CREATE TABLE "Chunks" (
    "Id" TEXT NOT NULL CONSTRAINT "PK_Chunks" PRIMARY KEY,
    "FileId" TEXT NOT NULL,
    "ChunkNumber" INTEGER NOT NULL,
    "ChunkSize" INTEGER NOT NULL,
    "StorageProvider" TEXT NOT NULL,
    "Checksum" TEXT NOT NULL,
    "CreatedAt" TEXT NOT NULL,
    CONSTRAINT "FK_Chunks_Files_FileId" FOREIGN KEY ("FileId") REFERENCES "Files" ("Id") ON DELETE CASCADE
);
2025-08-30 16:22:03.640 +03:00 [INF] Executed DbCommand (0ms) [Parameters=[], CommandType='"Text"', CommandTimeout='30']
CREATE INDEX "IX_Chunks_FileId" ON "Chunks" ("FileId");
2025-08-30 16:22:03.664 +03:00 [INF] Database initialized successfully
2025-08-30 16:22:03.707 +03:00 [INF] Created base directory: chunks
2025-08-30 16:22:03.710 +03:00 [INF] Welcome to Chunk Application!
2025-08-30 16:22:03.712 +03:00 [INF] This application demonstrates file chunking and distributed storage capabilities.
2025-08-30 16:22:57.886 +03:00 [INF] Starting Chunk Application...
2025-08-30 16:22:59.748 +03:00 [INF] Executed DbCommand (11ms) [Parameters=[], CommandType='"Text"', CommandTimeout='30']
SELECT COUNT(*) FROM "sqlite_master" WHERE "type" = 'table' AND "rootpage" IS NOT NULL;
2025-08-30 16:22:59.761 +03:00 [INF] Database initialized successfully
2025-08-30 16:22:59.786 +03:00 [INF] Welcome to Chunk Application!
2025-08-30 16:22:59.788 +03:00 [INF] This application demonstrates file chunking and distributed storage capabilities.
2025-08-30 16:23:17.333 +03:00 [INF] Executed DbCommand (5ms) [Parameters=[@__id_0='?' (Size = 1)], CommandType='"Text"', CommandTimeout='30']
SELECT "t"."Id", "t"."Checksum", "t"."ChunkSize", "t"."CreatedAt", "t"."FileName", "t"."FileSize", "t"."LastAccessed", "t"."OriginalPath", "t"."TotalChunks", "c"."Id", "c"."Checksum", "c"."ChunkNumber", "c"."ChunkSize", "c"."CreatedAt", "c"."FileId", "c"."StorageProvider"
FROM (
    SELECT "f"."Id", "f"."Checksum", "f"."ChunkSize", "f"."CreatedAt", "f"."FileName", "f"."FileSize", "f"."LastAccessed", "f"."OriginalPath", "f"."TotalChunks"
    FROM "Files" AS "f"
    WHERE "f"."Id" = @__id_0
    LIMIT 1
) AS "t"
LEFT JOIN "Chunks" AS "c" ON "t"."Id" = "c"."FileId"
ORDER BY "t"."Id"
2025-08-30 16:23:34.771 +03:00 [INF] Starting Chunk Application...
2025-08-30 16:23:36.498 +03:00 [INF] Executed DbCommand (15ms) [Parameters=[], CommandType='"Text"', CommandTimeout='30']
SELECT COUNT(*) FROM "sqlite_master" WHERE "type" = 'table' AND "rootpage" IS NOT NULL;
2025-08-30 16:23:36.505 +03:00 [INF] Database initialized successfully
2025-08-30 16:23:36.521 +03:00 [INF] Welcome to Chunk Application!
2025-08-30 16:23:36.521 +03:00 [INF] This application demonstrates file chunking and distributed storage capabilities.
2025-08-30 16:28:32.030 +03:00 [INF] Starting Chunk Application...
2025-08-30 16:28:33.745 +03:00 [FTL] Chunk Application terminated unexpectedly
System.InvalidOperationException: The ConnectionString property has not been initialized.
   at Microsoft.Data.SqlClient.SqlConnection.PermissionDemand()
   at Microsoft.Data.SqlClient.SqlConnectionFactory.PermissionDemand(DbConnection outerConnection)
   at Microsoft.Data.ProviderBase.DbConnectionInternal.TryOpenConnectionInternal(DbConnection outerConnection, DbConnectionFactory connectionFactory, TaskCompletionSource`1 retry, DbConnectionOptions userOptions)
   at Microsoft.Data.ProviderBase.DbConnectionClosed.TryOpenConnection(DbConnection outerConnection, DbConnectionFactory connectionFactory, TaskCompletionSource`1 retry, DbConnectionOptions userOptions)
   at Microsoft.Data.SqlClient.SqlConnection.TryOpen(TaskCompletionSource`1 retry, SqlConnectionOverrides overrides)
   at Microsoft.Data.SqlClient.SqlConnection.InternalOpenAsync(CancellationToken cancellationToken)
--- End of stack trace from previous location ---
   at Microsoft.EntityFrameworkCore.Storage.RelationalConnection.OpenInternalAsync(Boolean errorsExpected, CancellationToken cancellationToken)
   at Microsoft.EntityFrameworkCore.Storage.RelationalConnection.OpenInternalAsync(Boolean errorsExpected, CancellationToken cancellationToken)
   at Microsoft.EntityFrameworkCore.Storage.RelationalConnection.OpenAsync(CancellationToken cancellationToken, Boolean errorsExpected)
   at Microsoft.EntityFrameworkCore.SqlServer.Storage.Internal.SqlServerDatabaseCreator.<>c__DisplayClass20_0.<<ExistsAsync>b__0>d.MoveNext()
--- End of stack trace from previous location ---
   at Microsoft.EntityFrameworkCore.SqlServer.Storage.Internal.SqlServerDatabaseCreator.<>c__DisplayClass20_0.<<ExistsAsync>b__0>d.MoveNext()
--- End of stack trace from previous location ---
   at Microsoft.EntityFrameworkCore.SqlServer.Storage.Internal.SqlServerExecutionStrategy.ExecuteAsync[TState,TResult](TState state, Func`4 operation, Func`4 verifySucceeded, CancellationToken cancellationToken)
   at Microsoft.EntityFrameworkCore.Storage.RelationalDatabaseCreator.EnsureCreatedAsync(CancellationToken cancellationToken)
   at Microsoft.EntityFrameworkCore.Storage.RelationalDatabaseCreator.EnsureCreatedAsync(CancellationToken cancellationToken)
   at ChunkApplication.Program.Main(String[] args) in C:\Users\MONSTER\source\repos\ChunkApplication\ChunkApplication\Program.cs:line 36
2025-08-30 16:28:49.583 +03:00 [INF] Starting Chunk Application...
2025-08-30 16:28:51.250 +03:00 [FTL] Chunk Application terminated unexpectedly
System.InvalidOperationException: The ConnectionString property has not been initialized.
   at Microsoft.Data.SqlClient.SqlConnection.PermissionDemand()
   at Microsoft.Data.SqlClient.SqlConnectionFactory.PermissionDemand(DbConnection outerConnection)
   at Microsoft.Data.ProviderBase.DbConnectionInternal.TryOpenConnectionInternal(DbConnection outerConnection, DbConnectionFactory connectionFactory, TaskCompletionSource`1 retry, DbConnectionOptions userOptions)
   at Microsoft.Data.ProviderBase.DbConnectionClosed.TryOpenConnection(DbConnection outerConnection, DbConnectionFactory connectionFactory, TaskCompletionSource`1 retry, DbConnectionOptions userOptions)
   at Microsoft.Data.SqlClient.SqlConnection.TryOpen(TaskCompletionSource`1 retry, SqlConnectionOverrides overrides)
   at Microsoft.Data.SqlClient.SqlConnection.InternalOpenAsync(CancellationToken cancellationToken)
--- End of stack trace from previous location ---
   at Microsoft.EntityFrameworkCore.Storage.RelationalConnection.OpenInternalAsync(Boolean errorsExpected, CancellationToken cancellationToken)
   at Microsoft.EntityFrameworkCore.Storage.RelationalConnection.OpenInternalAsync(Boolean errorsExpected, CancellationToken cancellationToken)
   at Microsoft.EntityFrameworkCore.Storage.RelationalConnection.OpenAsync(CancellationToken cancellationToken, Boolean errorsExpected)
   at Microsoft.EntityFrameworkCore.SqlServer.Storage.Internal.SqlServerDatabaseCreator.<>c__DisplayClass20_0.<<ExistsAsync>b__0>d.MoveNext()
--- End of stack trace from previous location ---
   at Microsoft.EntityFrameworkCore.SqlServer.Storage.Internal.SqlServerDatabaseCreator.<>c__DisplayClass20_0.<<ExistsAsync>b__0>d.MoveNext()
--- End of stack trace from previous location ---
   at Microsoft.EntityFrameworkCore.SqlServer.Storage.Internal.SqlServerExecutionStrategy.ExecuteAsync[TState,TResult](TState state, Func`4 operation, Func`4 verifySucceeded, CancellationToken cancellationToken)
   at Microsoft.EntityFrameworkCore.Storage.RelationalDatabaseCreator.EnsureCreatedAsync(CancellationToken cancellationToken)
   at Microsoft.EntityFrameworkCore.Storage.RelationalDatabaseCreator.EnsureCreatedAsync(CancellationToken cancellationToken)
   at ChunkApplication.Program.Main(String[] args) in C:\Users\MONSTER\source\repos\ChunkApplication\ChunkApplication\Program.cs:line 36
2025-08-30 16:32:20.299 +03:00 [INF] Starting Chunk Application...
2025-08-30 16:32:22.554 +03:00 [FTL] Chunk Application terminated unexpectedly
System.InvalidOperationException: The ConnectionString property has not been initialized.
   at Microsoft.Data.SqlClient.SqlConnection.PermissionDemand()
   at Microsoft.Data.SqlClient.SqlConnectionFactory.PermissionDemand(DbConnection outerConnection)
   at Microsoft.Data.ProviderBase.DbConnectionInternal.TryOpenConnectionInternal(DbConnection outerConnection, DbConnectionFactory connectionFactory, TaskCompletionSource`1 retry, DbConnectionOptions userOptions)
   at Microsoft.Data.ProviderBase.DbConnectionClosed.TryOpenConnection(DbConnection outerConnection, DbConnectionFactory connectionFactory, TaskCompletionSource`1 retry, DbConnectionOptions userOptions)
   at Microsoft.Data.SqlClient.SqlConnection.TryOpen(TaskCompletionSource`1 retry, SqlConnectionOverrides overrides)
   at Microsoft.Data.SqlClient.SqlConnection.InternalOpenAsync(CancellationToken cancellationToken)
--- End of stack trace from previous location ---
   at Microsoft.EntityFrameworkCore.Storage.RelationalConnection.OpenInternalAsync(Boolean errorsExpected, CancellationToken cancellationToken)
   at Microsoft.EntityFrameworkCore.Storage.RelationalConnection.OpenInternalAsync(Boolean errorsExpected, CancellationToken cancellationToken)
   at Microsoft.EntityFrameworkCore.Storage.RelationalConnection.OpenAsync(CancellationToken cancellationToken, Boolean errorsExpected)
   at Microsoft.EntityFrameworkCore.SqlServer.Storage.Internal.SqlServerDatabaseCreator.<>c__DisplayClass20_0.<<ExistsAsync>b__0>d.MoveNext()
--- End of stack trace from previous location ---
   at Microsoft.EntityFrameworkCore.SqlServer.Storage.Internal.SqlServerDatabaseCreator.<>c__DisplayClass20_0.<<ExistsAsync>b__0>d.MoveNext()
--- End of stack trace from previous location ---
   at Microsoft.EntityFrameworkCore.SqlServer.Storage.Internal.SqlServerExecutionStrategy.ExecuteAsync[TState,TResult](TState state, Func`4 operation, Func`4 verifySucceeded, CancellationToken cancellationToken)
   at Microsoft.EntityFrameworkCore.Storage.RelationalDatabaseCreator.EnsureCreatedAsync(CancellationToken cancellationToken)
   at Microsoft.EntityFrameworkCore.Storage.RelationalDatabaseCreator.EnsureCreatedAsync(CancellationToken cancellationToken)
   at ChunkApplication.Program.Main(String[] args) in C:\Users\MONSTER\source\repos\ChunkApplication\ChunkApplication\Program.cs:line 36
2025-08-30 16:33:41.876 +03:00 [INF] Starting Chunk Application...
2025-08-30 16:33:44.218 +03:00 [FTL] Chunk Application terminated unexpectedly
System.InvalidOperationException: The ConnectionString property has not been initialized.
   at Microsoft.Data.SqlClient.SqlConnection.PermissionDemand()
   at Microsoft.Data.SqlClient.SqlConnectionFactory.PermissionDemand(DbConnection outerConnection)
   at Microsoft.Data.ProviderBase.DbConnectionInternal.TryOpenConnectionInternal(DbConnection outerConnection, DbConnectionFactory connectionFactory, TaskCompletionSource`1 retry, DbConnectionOptions userOptions)
   at Microsoft.Data.ProviderBase.DbConnectionClosed.TryOpenConnection(DbConnection outerConnection, DbConnectionFactory connectionFactory, TaskCompletionSource`1 retry, DbConnectionOptions userOptions)
   at Microsoft.Data.SqlClient.SqlConnection.TryOpen(TaskCompletionSource`1 retry, SqlConnectionOverrides overrides)
   at Microsoft.Data.SqlClient.SqlConnection.InternalOpenAsync(CancellationToken cancellationToken)
--- End of stack trace from previous location ---
   at Microsoft.EntityFrameworkCore.Storage.RelationalConnection.OpenInternalAsync(Boolean errorsExpected, CancellationToken cancellationToken)
   at Microsoft.EntityFrameworkCore.Storage.RelationalConnection.OpenInternalAsync(Boolean errorsExpected, CancellationToken cancellationToken)
   at Microsoft.EntityFrameworkCore.Storage.RelationalConnection.OpenAsync(CancellationToken cancellationToken, Boolean errorsExpected)
   at Microsoft.EntityFrameworkCore.SqlServer.Storage.Internal.SqlServerDatabaseCreator.<>c__DisplayClass20_0.<<ExistsAsync>b__0>d.MoveNext()
--- End of stack trace from previous location ---
   at Microsoft.EntityFrameworkCore.SqlServer.Storage.Internal.SqlServerDatabaseCreator.<>c__DisplayClass20_0.<<ExistsAsync>b__0>d.MoveNext()
--- End of stack trace from previous location ---
   at Microsoft.EntityFrameworkCore.SqlServer.Storage.Internal.SqlServerExecutionStrategy.ExecuteAsync[TState,TResult](TState state, Func`4 operation, Func`4 verifySucceeded, CancellationToken cancellationToken)
   at Microsoft.EntityFrameworkCore.Storage.RelationalDatabaseCreator.EnsureCreatedAsync(CancellationToken cancellationToken)
   at Microsoft.EntityFrameworkCore.Storage.RelationalDatabaseCreator.EnsureCreatedAsync(CancellationToken cancellationToken)
   at ChunkApplication.Program.Main(String[] args) in C:\Users\MONSTER\source\repos\ChunkApplication\ChunkApplication\Program.cs:line 36
2025-08-30 16:34:27.938 +03:00 [INF] Starting Chunk Application...
2025-08-30 16:36:16.432 +03:00 [INF] Starting Chunk Application...
2025-08-30 16:36:18.800 +03:00 [INF] DbContext retrieved successfully
2025-08-30 16:36:20.396 +03:00 [INF] Executed DbCommand (27ms) [Parameters=[], CommandType='"Text"', CommandTimeout='30']
SELECT 1
2025-08-30 16:36:20.458 +03:00 [INF] Executed DbCommand (45ms) [Parameters=[], CommandType='"Text"', CommandTimeout='30']

IF EXISTS
    (SELECT *
     FROM [sys].[objects] o
     WHERE [o].[type] = 'U'
     AND [o].[is_ms_shipped] = 0
     AND NOT EXISTS (SELECT *
         FROM [sys].[extended_properties] AS [ep]
         WHERE [ep].[major_id] = [o].[object_id]
             AND [ep].[minor_id] = 0
             AND [ep].[class] = 1
             AND [ep].[name] = N'microsoft_database_tools_support'
    )
)
SELECT 1 ELSE SELECT 0
2025-08-30 16:36:21.885 +03:00 [INF] Database initialized successfully
2025-08-30 16:36:24.550 +03:00 [INF] Welcome to Chunk Application!
2025-08-30 16:36:24.550 +03:00 [INF] This application demonstrates file chunking and distributed storage capabilities.
2025-08-30 16:36:33.025 +03:00 [INF] Executed DbCommand (6ms) [Parameters=[], CommandType='"Text"', CommandTimeout='30']
SELECT [f].[Id], [f].[Checksum], [f].[ChunkSize], [f].[CreatedAt], [f].[FileName], [f].[FileSize], [f].[LastAccessed], [f].[OriginalPath], [f].[TotalChunks], [c].[Id], [c].[Checksum], [c].[ChunkNumber], [c].[ChunkSize], [c].[CreatedAt], [c].[FileId], [c].[StorageProvider]
FROM [Files] AS [f]
LEFT JOIN [Chunks] AS [c] ON [f].[Id] = [c].[FileId]
ORDER BY [f].[Id]
2025-08-30 16:36:35.959 +03:00 [INF] Exiting application...
2025-08-30 16:36:39.153 +03:00 [INF] Chunk Application completed successfully
2025-08-30 16:38:15.659 +03:00 [INF] Starting Chunk Application...
2025-08-30 16:38:16.187 +03:00 [INF] DbContext retrieved successfully
2025-08-30 16:38:17.377 +03:00 [INF] Executed DbCommand (37ms) [Parameters=[], CommandType='"Text"', CommandTimeout='30']
SELECT 1
2025-08-30 16:38:17.432 +03:00 [INF] Executed DbCommand (36ms) [Parameters=[], CommandType='"Text"', CommandTimeout='30']

IF EXISTS
    (SELECT *
     FROM [sys].[objects] o
     WHERE [o].[type] = 'U'
     AND [o].[is_ms_shipped] = 0
     AND NOT EXISTS (SELECT *
         FROM [sys].[extended_properties] AS [ep]
         WHERE [ep].[major_id] = [o].[object_id]
             AND [ep].[minor_id] = 0
             AND [ep].[class] = 1
             AND [ep].[name] = N'microsoft_database_tools_support'
    )
)
SELECT 1 ELSE SELECT 0
2025-08-30 16:38:17.433 +03:00 [INF] Database initialized successfully
2025-08-30 16:38:17.453 +03:00 [INF] Welcome to Chunk Application!
2025-08-30 16:38:17.453 +03:00 [INF] This application demonstrates file chunking and distributed storage capabilities.
2025-08-30 16:38:33.106 +03:00 [INF] Starting file chunking process...
2025-08-30 16:38:33.114 +03:00 [INF] Starting to chunk file: C:\Users\MONSTER\Desktop\denemejunk.txt
2025-08-30 16:38:33.127 +03:00 [INF] Stored chunk e16027cb579a4acd96a2ae9675f7adcb_chunk_0 to database storage. Size: 13 bytes
2025-08-30 16:38:33.374 +03:00 [INF] Executed DbCommand (34ms) [Parameters=[@p0='?' (Size = 50), @p1='?' (Size = 64), @p2='?' (DbType = Int32), @p3='?' (DbType = DateTime2), @p4='?' (Size = 255), @p5='?' (DbType = Int64), @p6='?' (DbType = DateTime2), @p7='?' (Size = 500), @p8='?' (DbType = Int32), @p9='?' (Size = 50), @p10='?' (Size = 64), @p11='?' (DbType = Int32), @p12='?' (DbType = Int32), @p13='?' (DbType = DateTime2), @p14='?' (Size = 50), @p15='?' (Size = 100)], CommandType='"Text"', CommandTimeout='30']
SET NOCOUNT ON;
INSERT INTO [Files] ([Id], [Checksum], [ChunkSize], [CreatedAt], [FileName], [FileSize], [LastAccessed], [OriginalPath], [TotalChunks])
VALUES (@p0, @p1, @p2, @p3, @p4, @p5, @p6, @p7, @p8);
INSERT INTO [Chunks] ([Id], [Checksum], [ChunkNumber], [ChunkSize], [CreatedAt], [FileId], [StorageProvider])
VALUES (@p9, @p10, @p11, @p12, @p13, @p14, @p15);
2025-08-30 16:38:33.393 +03:00 [INF] Successfully chunked file denemejunk.txt into 1 chunks
2025-08-30 16:38:59.277 +03:00 [INF] Executed DbCommand (7ms) [Parameters=[], CommandType='"Text"', CommandTimeout='30']
SELECT [f].[Id], [f].[Checksum], [f].[ChunkSize], [f].[CreatedAt], [f].[FileName], [f].[FileSize], [f].[LastAccessed], [f].[OriginalPath], [f].[TotalChunks], [c].[Id], [c].[Checksum], [c].[ChunkNumber], [c].[ChunkSize], [c].[CreatedAt], [c].[FileId], [c].[StorageProvider]
FROM [Files] AS [f]
LEFT JOIN [Chunks] AS [c] ON [f].[Id] = [c].[FileId]
ORDER BY [f].[Id]
2025-08-30 16:39:19.493 +03:00 [INF] Starting file reconstruction process...
2025-08-30 16:39:19.495 +03:00 [INF] Starting to reconstruct file: e16027cb579a4acd96a2ae9675f7adcb to asdsadas
2025-08-30 16:39:19.527 +03:00 [INF] Executed DbCommand (3ms) [Parameters=[@__id_0='?' (Size = 50)], CommandType='"Text"', CommandTimeout='30']
SELECT [t].[Id], [t].[Checksum], [t].[ChunkSize], [t].[CreatedAt], [t].[FileName], [t].[FileSize], [t].[LastAccessed], [t].[OriginalPath], [t].[TotalChunks], [c].[Id], [c].[Checksum], [c].[ChunkNumber], [c].[ChunkSize], [c].[CreatedAt], [c].[FileId], [c].[StorageProvider]
FROM (
    SELECT TOP(1) [f].[Id], [f].[Checksum], [f].[ChunkSize], [f].[CreatedAt], [f].[FileName], [f].[FileSize], [f].[LastAccessed], [f].[OriginalPath], [f].[TotalChunks]
    FROM [Files] AS [f]
    WHERE [f].[Id] = @__id_0
) AS [t]
LEFT JOIN [Chunks] AS [c] ON [t].[Id] = [c].[FileId]
ORDER BY [t].[Id]
2025-08-30 16:39:19.539 +03:00 [INF] Retrieved chunk e16027cb579a4acd96a2ae9675f7adcb_chunk_0 from database storage. Size: 13 bytes
2025-08-30 16:39:19.559 +03:00 [INF] Executed DbCommand (3ms) [Parameters=[@p8='?' (Size = 50), @p0='?' (Size = 64), @p1='?' (DbType = Int32), @p2='?' (DbType = DateTime2), @p3='?' (Size = 255), @p4='?' (DbType = Int64), @p5='?' (DbType = DateTime2), @p6='?' (Size = 500), @p7='?' (DbType = Int32)], CommandType='"Text"', CommandTimeout='30']
SET IMPLICIT_TRANSACTIONS OFF;
SET NOCOUNT ON;
UPDATE [Files] SET [Checksum] = @p0, [ChunkSize] = @p1, [CreatedAt] = @p2, [FileName] = @p3, [FileSize] = @p4, [LastAccessed] = @p5, [OriginalPath] = @p6, [TotalChunks] = @p7
OUTPUT 1
WHERE [Id] = @p8;
2025-08-30 16:39:19.562 +03:00 [INF] Successfully reconstructed file denemejunk.txt to asdsadas
2025-08-30 16:39:28.638 +03:00 [INF] Executed DbCommand (2ms) [Parameters=[@__id_0='?' (Size = 50)], CommandType='"Text"', CommandTimeout='30']
SELECT [t].[Id], [t].[Checksum], [t].[ChunkSize], [t].[CreatedAt], [t].[FileName], [t].[FileSize], [t].[LastAccessed], [t].[OriginalPath], [t].[TotalChunks], [c].[Id], [c].[Checksum], [c].[ChunkNumber], [c].[ChunkSize], [c].[CreatedAt], [c].[FileId], [c].[StorageProvider]
FROM (
    SELECT TOP(1) [f].[Id], [f].[Checksum], [f].[ChunkSize], [f].[CreatedAt], [f].[FileName], [f].[FileSize], [f].[LastAccessed], [f].[OriginalPath], [f].[TotalChunks]
    FROM [Files] AS [f]
    WHERE [f].[Id] = @__id_0
) AS [t]
LEFT JOIN [Chunks] AS [c] ON [t].[Id] = [c].[FileId]
ORDER BY [t].[Id]
2025-08-30 17:01:34.990 +03:00 [INF] Starting Chunk Application...
2025-08-30 17:01:36.329 +03:00 [INF] DbContext retrieved successfully
2025-08-30 17:01:37.941 +03:00 [INF] Executed DbCommand (30ms) [Parameters=[], CommandType='"Text"', CommandTimeout='30']
SELECT 1
2025-08-30 17:01:38.000 +03:00 [INF] Executed DbCommand (35ms) [Parameters=[], CommandType='"Text"', CommandTimeout='30']

IF EXISTS
    (SELECT *
     FROM [sys].[objects] o
     WHERE [o].[type] = 'U'
     AND [o].[is_ms_shipped] = 0
     AND NOT EXISTS (SELECT *
         FROM [sys].[extended_properties] AS [ep]
         WHERE [ep].[major_id] = [o].[object_id]
             AND [ep].[minor_id] = 0
             AND [ep].[class] = 1
             AND [ep].[name] = N'microsoft_database_tools_support'
    )
)
SELECT 1 ELSE SELECT 0
2025-08-30 17:01:38.005 +03:00 [INF] Database initialized successfully
2025-08-30 17:01:38.033 +03:00 [INF] Welcome to Chunk Application!
2025-08-30 17:01:38.033 +03:00 [INF] This application demonstrates file chunking and distributed storage capabilities.
2025-08-30 17:01:51.491 +03:00 [INF] Executed DbCommand (9ms) [Parameters=[], CommandType='"Text"', CommandTimeout='30']
SELECT [f].[Id], [f].[Checksum], [f].[ChunkSize], [f].[CreatedAt], [f].[FileName], [f].[FileSize], [f].[LastAccessed], [f].[OriginalPath], [f].[TotalChunks], [c].[Id], [c].[Checksum], [c].[ChunkNumber], [c].[ChunkSize], [c].[CreatedAt], [c].[FileId], [c].[StorageProvider]
FROM [Files] AS [f]
LEFT JOIN [Chunks] AS [c] ON [f].[Id] = [c].[FileId]
ORDER BY [f].[Id]
2025-08-30 17:27:10.522 +03:00 [INF] Starting Chunk Application...
2025-08-30 17:27:11.081 +03:00 [INF] DbContext retrieved successfully
2025-08-30 17:27:12.201 +03:00 [INF] Executed DbCommand (26ms) [Parameters=[], CommandType='"Text"', CommandTimeout='30']
SELECT 1
2025-08-30 17:27:12.263 +03:00 [INF] Executed DbCommand (44ms) [Parameters=[], CommandType='"Text"', CommandTimeout='30']

IF EXISTS
    (SELECT *
     FROM [sys].[objects] o
     WHERE [o].[type] = 'U'
     AND [o].[is_ms_shipped] = 0
     AND NOT EXISTS (SELECT *
         FROM [sys].[extended_properties] AS [ep]
         WHERE [ep].[major_id] = [o].[object_id]
             AND [ep].[minor_id] = 0
             AND [ep].[class] = 1
             AND [ep].[name] = N'microsoft_database_tools_support'
    )
)
SELECT 1 ELSE SELECT 0
2025-08-30 17:27:12.264 +03:00 [INF] Database initialized successfully
2025-08-30 17:27:12.288 +03:00 [INF] Welcome to Chunk Application!
2025-08-30 17:27:12.288 +03:00 [INF] This application demonstrates file chunking and distributed storage capabilities.
2025-08-30 17:27:38.982 +03:00 [INF] Starting file chunking process...
2025-08-30 17:27:38.982 +03:00 [INF] Chunk size will be calculated automatically based on file size.
2025-08-30 17:27:38.986 +03:00 [INF] Starting to chunk file: C:\Users\MONSTER\Desktop\deneme2.txt
2025-08-30 17:27:39.060 +03:00 [INF] File size: 13 bytes, Target chunks: 1, Chunk size: 1024 bytes
2025-08-30 17:27:39.080 +03:00 [INF] Stored chunk c254363df3644fedbe6c9b471bbebe15_chunk_0 to file system. Size: 13 bytes
2025-08-30 17:27:39.390 +03:00 [INF] Executed DbCommand (50ms) [Parameters=[@p0='?' (Size = 50), @p1='?' (Size = 64), @p2='?' (DbType = Int32), @p3='?' (DbType = DateTime2), @p4='?' (Size = 255), @p5='?' (DbType = Int64), @p6='?' (DbType = DateTime2), @p7='?' (Size = 500), @p8='?' (DbType = Int32), @p9='?' (Size = 50), @p10='?' (Size = 64), @p11='?' (DbType = Int32), @p12='?' (DbType = Int32), @p13='?' (DbType = DateTime2), @p14='?' (Size = 50), @p15='?' (Size = 100)], CommandType='"Text"', CommandTimeout='30']
SET NOCOUNT ON;
INSERT INTO [Files] ([Id], [Checksum], [ChunkSize], [CreatedAt], [FileName], [FileSize], [LastAccessed], [OriginalPath], [TotalChunks])
VALUES (@p0, @p1, @p2, @p3, @p4, @p5, @p6, @p7, @p8);
INSERT INTO [Chunks] ([Id], [Checksum], [ChunkNumber], [ChunkSize], [CreatedAt], [FileId], [StorageProvider])
VALUES (@p9, @p10, @p11, @p12, @p13, @p14, @p15);
2025-08-30 17:27:39.420 +03:00 [INF] Successfully chunked file deneme2.txt into 1 chunks
2025-08-30 17:31:39.546 +03:00 [INF] Starting Chunk Application...
2025-08-30 17:31:40.567 +03:00 [INF] DbContext retrieved successfully
2025-08-30 17:31:42.127 +03:00 [INF] Executed DbCommand (32ms) [Parameters=[], CommandType='"Text"', CommandTimeout='30']
SELECT 1
2025-08-30 17:31:42.178 +03:00 [INF] Executed DbCommand (30ms) [Parameters=[], CommandType='"Text"', CommandTimeout='30']

IF EXISTS
    (SELECT *
     FROM [sys].[objects] o
     WHERE [o].[type] = 'U'
     AND [o].[is_ms_shipped] = 0
     AND NOT EXISTS (SELECT *
         FROM [sys].[extended_properties] AS [ep]
         WHERE [ep].[major_id] = [o].[object_id]
             AND [ep].[minor_id] = 0
             AND [ep].[class] = 1
             AND [ep].[name] = N'microsoft_database_tools_support'
    )
)
SELECT 1 ELSE SELECT 0
2025-08-30 17:31:42.179 +03:00 [INF] Database initialized successfully
2025-08-30 17:31:42.200 +03:00 [INF] Welcome to Chunk Application!
2025-08-30 17:31:42.200 +03:00 [INF] This application demonstrates file chunking and distributed storage capabilities.
2025-08-30 17:32:18.938 +03:00 [INF] Starting file chunking process...
2025-08-30 17:32:18.938 +03:00 [INF] Chunk size will be calculated automatically based on file size.
2025-08-30 17:32:18.941 +03:00 [INF] Starting to chunk file: C:\Users\MONSTER\Desktop\deneme2.txt
2025-08-30 17:32:18.951 +03:00 [INF] File size: 13 bytes, Target chunks: 1, Chunk size: 1024 bytes
2025-08-30 17:32:18.959 +03:00 [INF] Stored chunk 97ac34d074284038adaa6798edc8dc8a_chunk_0 to file system. Size: 13 bytes
2025-08-30 17:32:19.224 +03:00 [INF] Executed DbCommand (29ms) [Parameters=[@p0='?' (Size = 50), @p1='?' (Size = 64), @p2='?' (DbType = Int32), @p3='?' (DbType = DateTime2), @p4='?' (Size = 255), @p5='?' (DbType = Int64), @p6='?' (DbType = DateTime2), @p7='?' (Size = 500), @p8='?' (DbType = Int32), @p9='?' (Size = 50), @p10='?' (Size = 64), @p11='?' (DbType = Int32), @p12='?' (DbType = Int32), @p13='?' (DbType = DateTime2), @p14='?' (Size = 50), @p15='?' (Size = 100)], CommandType='"Text"', CommandTimeout='30']
SET NOCOUNT ON;
INSERT INTO [Files] ([Id], [Checksum], [ChunkSize], [CreatedAt], [FileName], [FileSize], [LastAccessed], [OriginalPath], [TotalChunks])
VALUES (@p0, @p1, @p2, @p3, @p4, @p5, @p6, @p7, @p8);
INSERT INTO [Chunks] ([Id], [Checksum], [ChunkNumber], [ChunkSize], [CreatedAt], [FileId], [StorageProvider])
VALUES (@p9, @p10, @p11, @p12, @p13, @p14, @p15);
2025-08-30 17:32:19.256 +03:00 [INF] Successfully chunked file deneme2.txt into 1 chunks
2025-08-30 17:32:41.518 +03:00 [INF] Starting file chunking process...
2025-08-30 17:32:41.518 +03:00 [INF] Chunk size will be calculated automatically based on file size.
2025-08-30 17:32:41.519 +03:00 [INF] Starting to chunk file: C:\Users\MONSTER\Desktop\deneme2.txt
2025-08-30 17:32:41.535 +03:00 [INF] File size: 13 bytes, Target chunks: 1, Chunk size: 1024 bytes
2025-08-30 17:32:41.545 +03:00 [INF] Stored chunk 61fe9c30d8614af3acad72a85071d2a4_chunk_0 to file system. Size: 13 bytes
2025-08-30 17:32:41.581 +03:00 [INF] Executed DbCommand (1ms) [Parameters=[@p0='?' (Size = 50), @p1='?' (Size = 64), @p2='?' (DbType = Int32), @p3='?' (DbType = DateTime2), @p4='?' (Size = 255), @p5='?' (DbType = Int64), @p6='?' (DbType = DateTime2), @p7='?' (Size = 500), @p8='?' (DbType = Int32), @p9='?' (Size = 50), @p10='?' (Size = 64), @p11='?' (DbType = Int32), @p12='?' (DbType = Int32), @p13='?' (DbType = DateTime2), @p14='?' (Size = 50), @p15='?' (Size = 100)], CommandType='"Text"', CommandTimeout='30']
SET NOCOUNT ON;
INSERT INTO [Files] ([Id], [Checksum], [ChunkSize], [CreatedAt], [FileName], [FileSize], [LastAccessed], [OriginalPath], [TotalChunks])
VALUES (@p0, @p1, @p2, @p3, @p4, @p5, @p6, @p7, @p8);
INSERT INTO [Chunks] ([Id], [Checksum], [ChunkNumber], [ChunkSize], [CreatedAt], [FileId], [StorageProvider])
VALUES (@p9, @p10, @p11, @p12, @p13, @p14, @p15);
2025-08-30 17:32:41.582 +03:00 [INF] Successfully chunked file deneme2.txt into 1 chunks
2025-08-30 17:35:03.910 +03:00 [INF] Starting file chunking process...
2025-08-30 17:35:03.911 +03:00 [INF] Chunk size will be calculated automatically based on file size.
2025-08-30 17:35:06.500 +03:00 [INF] Starting to chunk file: C:\Users\MONSTER\Desktop\deneme2.txt
2025-08-30 17:37:02.940 +03:00 [INF] Starting Chunk Application...
2025-08-30 17:37:03.789 +03:00 [INF] DbContext retrieved successfully
2025-08-30 17:37:05.118 +03:00 [INF] Executed DbCommand (40ms) [Parameters=[], CommandType='"Text"', CommandTimeout='30']
SELECT 1
2025-08-30 17:37:05.173 +03:00 [INF] Executed DbCommand (36ms) [Parameters=[], CommandType='"Text"', CommandTimeout='30']

IF EXISTS
    (SELECT *
     FROM [sys].[objects] o
     WHERE [o].[type] = 'U'
     AND [o].[is_ms_shipped] = 0
     AND NOT EXISTS (SELECT *
         FROM [sys].[extended_properties] AS [ep]
         WHERE [ep].[major_id] = [o].[object_id]
             AND [ep].[minor_id] = 0
             AND [ep].[class] = 1
             AND [ep].[name] = N'microsoft_database_tools_support'
    )
)
SELECT 1 ELSE SELECT 0
2025-08-30 17:37:05.174 +03:00 [INF] Database initialized successfully
2025-08-30 17:37:05.198 +03:00 [INF] Welcome to Chunk Application!
2025-08-30 17:37:05.198 +03:00 [INF] This application demonstrates file chunking and distributed storage capabilities.
2025-08-30 17:37:18.207 +03:00 [INF] Starting file chunking process...
2025-08-30 17:37:18.207 +03:00 [INF] Chunk size will be calculated automatically based on file size.
2025-08-30 17:37:21.146 +03:00 [INF] Starting to chunk file: C:\Users\MONSTER\Desktop\deneme2.txt
2025-08-30 17:37:33.942 +03:00 [INF] File size: 13 bytes, Target chunks: 2, Chunk size: 6 bytes
2025-08-30 17:37:52.944 +03:00 [INF] Stored chunk dbde0695d96c496e9466808e1b998cf8_chunk_0 to database storage. Size: 6 bytes
2025-08-30 17:37:58.452 +03:00 [INF] Stored chunk dbde0695d96c496e9466808e1b998cf8_chunk_1 to file system. Size: 7 bytes
2025-08-30 17:38:00.837 +03:00 [INF] Executed DbCommand (26ms) [Parameters=[@p0='?' (Size = 50), @p1='?' (Size = 64), @p2='?' (DbType = Int32), @p3='?' (DbType = DateTime2), @p4='?' (Size = 255), @p5='?' (DbType = Int64), @p6='?' (DbType = DateTime2), @p7='?' (Size = 500), @p8='?' (DbType = Int32), @p9='?' (Size = 50), @p10='?' (Size = 64), @p11='?' (DbType = Int32), @p12='?' (DbType = Int32), @p13='?' (DbType = DateTime2), @p14='?' (Size = 50), @p15='?' (Size = 100), @p16='?' (Size = 50), @p17='?' (Size = 64), @p18='?' (DbType = Int32), @p19='?' (DbType = Int32), @p20='?' (DbType = DateTime2), @p21='?' (Size = 50), @p22='?' (Size = 100)], CommandType='"Text"', CommandTimeout='30']
SET NOCOUNT ON;
INSERT INTO [Files] ([Id], [Checksum], [ChunkSize], [CreatedAt], [FileName], [FileSize], [LastAccessed], [OriginalPath], [TotalChunks])
VALUES (@p0, @p1, @p2, @p3, @p4, @p5, @p6, @p7, @p8);
INSERT INTO [Chunks] ([Id], [Checksum], [ChunkNumber], [ChunkSize], [CreatedAt], [FileId], [StorageProvider])
VALUES (@p9, @p10, @p11, @p12, @p13, @p14, @p15),
(@p16, @p17, @p18, @p19, @p20, @p21, @p22);
2025-08-30 17:38:04.715 +03:00 [INF] Successfully chunked file deneme2.txt into 2 chunks
2025-08-30 17:47:14.721 +03:00 [INF] Starting Chunk Application...
2025-08-30 17:47:15.732 +03:00 [INF] DbContext retrieved successfully
2025-08-30 17:47:16.939 +03:00 [INF] Executed DbCommand (31ms) [Parameters=[], CommandType='"Text"', CommandTimeout='30']
SELECT 1
2025-08-30 17:47:16.983 +03:00 [INF] Executed DbCommand (27ms) [Parameters=[], CommandType='"Text"', CommandTimeout='30']

IF EXISTS
    (SELECT *
     FROM [sys].[objects] o
     WHERE [o].[type] = 'U'
     AND [o].[is_ms_shipped] = 0
     AND NOT EXISTS (SELECT *
         FROM [sys].[extended_properties] AS [ep]
         WHERE [ep].[major_id] = [o].[object_id]
             AND [ep].[minor_id] = 0
             AND [ep].[class] = 1
             AND [ep].[name] = N'microsoft_database_tools_support'
    )
)
SELECT 1 ELSE SELECT 0
2025-08-30 17:47:16.984 +03:00 [INF] Database initialized successfully
2025-08-30 17:47:17.003 +03:00 [INF] Welcome to Chunk Application!
2025-08-30 17:47:17.003 +03:00 [INF] This application demonstrates file chunking and distributed storage capabilities.
2025-08-30 17:49:09.724 +03:00 [INF] Executed DbCommand (10ms) [Parameters=[], CommandType='"Text"', CommandTimeout='30']
SELECT [f].[Id], [f].[Checksum], [f].[ChunkSize], [f].[CreatedAt], [f].[FileName], [f].[FileSize], [f].[LastAccessed], [f].[OriginalPath], [f].[TotalChunks], [c].[Id], [c].[Checksum], [c].[ChunkNumber], [c].[ChunkSize], [c].[CreatedAt], [c].[FileId], [c].[StorageProvider]
FROM [Files] AS [f]
LEFT JOIN [Chunks] AS [c] ON [f].[Id] = [c].[FileId]
ORDER BY [f].[Id]
2025-08-30 17:51:06.947 +03:00 [INF] Starting Chunk Application...
2025-08-30 17:51:07.602 +03:00 [INF] DbContext retrieved successfully
2025-08-30 17:51:08.738 +03:00 [INF] Executed DbCommand (25ms) [Parameters=[], CommandType='"Text"', CommandTimeout='30']
SELECT 1
2025-08-30 17:51:08.778 +03:00 [INF] Executed DbCommand (25ms) [Parameters=[], CommandType='"Text"', CommandTimeout='30']

IF EXISTS
    (SELECT *
     FROM [sys].[objects] o
     WHERE [o].[type] = 'U'
     AND [o].[is_ms_shipped] = 0
     AND NOT EXISTS (SELECT *
         FROM [sys].[extended_properties] AS [ep]
         WHERE [ep].[major_id] = [o].[object_id]
             AND [ep].[minor_id] = 0
             AND [ep].[class] = 1
             AND [ep].[name] = N'microsoft_database_tools_support'
    )
)
SELECT 1 ELSE SELECT 0
2025-08-30 17:51:08.779 +03:00 [INF] Database initialized successfully
2025-08-30 17:51:08.798 +03:00 [INF] Welcome to Chunk Application!
2025-08-30 17:51:08.798 +03:00 [INF] This application demonstrates file chunking and distributed storage capabilities.
2025-08-30 17:51:15.395 +03:00 [INF] Starting Chunk Application...
2025-08-30 17:51:16.142 +03:00 [INF] DbContext retrieved successfully
2025-08-30 17:51:17.241 +03:00 [INF] Executed DbCommand (24ms) [Parameters=[], CommandType='"Text"', CommandTimeout='30']
SELECT 1
2025-08-30 17:51:17.282 +03:00 [INF] Executed DbCommand (26ms) [Parameters=[], CommandType='"Text"', CommandTimeout='30']

IF EXISTS
    (SELECT *
     FROM [sys].[objects] o
     WHERE [o].[type] = 'U'
     AND [o].[is_ms_shipped] = 0
     AND NOT EXISTS (SELECT *
         FROM [sys].[extended_properties] AS [ep]
         WHERE [ep].[major_id] = [o].[object_id]
             AND [ep].[minor_id] = 0
             AND [ep].[class] = 1
             AND [ep].[name] = N'microsoft_database_tools_support'
    )
)
SELECT 1 ELSE SELECT 0
2025-08-30 17:51:17.283 +03:00 [INF] Database initialized successfully
2025-08-30 17:51:17.303 +03:00 [INF] Welcome to Chunk Application!
2025-08-30 17:51:17.303 +03:00 [INF] This application demonstrates file chunking and distributed storage capabilities.
2025-08-30 17:51:35.360 +03:00 [INF] Executed DbCommand (3ms) [Parameters=[], CommandType='"Text"', CommandTimeout='30']
SELECT [f].[Id], [f].[Checksum], [f].[ChunkSize], [f].[CreatedAt], [f].[FileName], [f].[FileSize], [f].[LastAccessed], [f].[OriginalPath], [f].[TotalChunks], [c].[Id], [c].[Checksum], [c].[ChunkNumber], [c].[ChunkSize], [c].[CreatedAt], [c].[FileId], [c].[StorageProvider]
FROM [Files] AS [f]
LEFT JOIN [Chunks] AS [c] ON [f].[Id] = [c].[FileId]
ORDER BY [f].[Id]
2025-08-30 17:51:56.593 +03:00 [INF] Starting Chunk Application...
2025-08-30 17:51:57.302 +03:00 [INF] DbContext retrieved successfully
2025-08-30 17:51:58.357 +03:00 [INF] Executed DbCommand (24ms) [Parameters=[], CommandType='"Text"', CommandTimeout='30']
SELECT 1
2025-08-30 17:51:58.396 +03:00 [INF] Executed DbCommand (25ms) [Parameters=[], CommandType='"Text"', CommandTimeout='30']

IF EXISTS
    (SELECT *
     FROM [sys].[objects] o
     WHERE [o].[type] = 'U'
     AND [o].[is_ms_shipped] = 0
     AND NOT EXISTS (SELECT *
         FROM [sys].[extended_properties] AS [ep]
         WHERE [ep].[major_id] = [o].[object_id]
             AND [ep].[minor_id] = 0
             AND [ep].[class] = 1
             AND [ep].[name] = N'microsoft_database_tools_support'
    )
)
SELECT 1 ELSE SELECT 0
2025-08-30 17:51:58.397 +03:00 [INF] Database initialized successfully
2025-08-30 17:51:58.415 +03:00 [INF] Welcome to Chunk Application!
2025-08-30 17:51:58.416 +03:00 [INF] This application demonstrates file chunking and distributed storage capabilities.
2025-08-30 17:52:04.014 +03:00 [INF] Executed DbCommand (35ms) [Parameters=[@__id_0='?' (Size = 50)], CommandType='"Text"', CommandTimeout='30']
SELECT [t].[Id], [t].[Checksum], [t].[ChunkSize], [t].[CreatedAt], [t].[FileName], [t].[FileSize], [t].[LastAccessed], [t].[OriginalPath], [t].[TotalChunks], [c].[Id], [c].[Checksum], [c].[ChunkNumber], [c].[ChunkSize], [c].[CreatedAt], [c].[FileId], [c].[StorageProvider]
FROM (
    SELECT TOP(1) [f].[Id], [f].[Checksum], [f].[ChunkSize], [f].[CreatedAt], [f].[FileName], [f].[FileSize], [f].[LastAccessed], [f].[OriginalPath], [f].[TotalChunks]
    FROM [Files] AS [f]
    WHERE [f].[Id] = @__id_0
) AS [t]
LEFT JOIN [Chunks] AS [c] ON [t].[Id] = [c].[FileId]
ORDER BY [t].[Id]
2025-08-30 17:52:05.955 +03:00 [INF] Executed DbCommand (1ms) [Parameters=[], CommandType='"Text"', CommandTimeout='30']
SELECT [f].[Id], [f].[Checksum], [f].[ChunkSize], [f].[CreatedAt], [f].[FileName], [f].[FileSize], [f].[LastAccessed], [f].[OriginalPath], [f].[TotalChunks], [c].[Id], [c].[Checksum], [c].[ChunkNumber], [c].[ChunkSize], [c].[CreatedAt], [c].[FileId], [c].[StorageProvider]
FROM [Files] AS [f]
LEFT JOIN [Chunks] AS [c] ON [f].[Id] = [c].[FileId]
ORDER BY [f].[Id]
2025-08-30 17:52:14.231 +03:00 [INF] Executed DbCommand (2ms) [Parameters=[@__id_0='?' (Size = 50)], CommandType='"Text"', CommandTimeout='30']
SELECT [t].[Id], [t].[Checksum], [t].[ChunkSize], [t].[CreatedAt], [t].[FileName], [t].[FileSize], [t].[LastAccessed], [t].[OriginalPath], [t].[TotalChunks], [c].[Id], [c].[Checksum], [c].[ChunkNumber], [c].[ChunkSize], [c].[CreatedAt], [c].[FileId], [c].[StorageProvider]
FROM (
    SELECT TOP(1) [f].[Id], [f].[Checksum], [f].[ChunkSize], [f].[CreatedAt], [f].[FileName], [f].[FileSize], [f].[LastAccessed], [f].[OriginalPath], [f].[TotalChunks]
    FROM [Files] AS [f]
    WHERE [f].[Id] = @__id_0
) AS [t]
LEFT JOIN [Chunks] AS [c] ON [t].[Id] = [c].[FileId]
ORDER BY [t].[Id]
2025-08-30 17:52:49.116 +03:00 [INF] Starting file reconstruction process...
2025-08-30 17:52:49.119 +03:00 [INF] Starting to reconstruct file: dbde0695d96c496e9466808e1b998cf8 to birlestirilmis
2025-08-30 17:52:49.121 +03:00 [INF] Executed DbCommand (1ms) [Parameters=[@__id_0='?' (Size = 50)], CommandType='"Text"', CommandTimeout='30']
SELECT [t].[Id], [t].[Checksum], [t].[ChunkSize], [t].[CreatedAt], [t].[FileName], [t].[FileSize], [t].[LastAccessed], [t].[OriginalPath], [t].[TotalChunks], [c].[Id], [c].[Checksum], [c].[ChunkNumber], [c].[ChunkSize], [c].[CreatedAt], [c].[FileId], [c].[StorageProvider]
FROM (
    SELECT TOP(1) [f].[Id], [f].[Checksum], [f].[ChunkSize], [f].[CreatedAt], [f].[FileName], [f].[FileSize], [f].[LastAccessed], [f].[OriginalPath], [f].[TotalChunks]
    FROM [Files] AS [f]
    WHERE [f].[Id] = @__id_0
) AS [t]
LEFT JOIN [Chunks] AS [c] ON [t].[Id] = [c].[FileId]
ORDER BY [t].[Id]
2025-08-30 17:52:49.172 +03:00 [ERR] Failed to retrieve chunk dbde0695d96c496e9466808e1b998cf8_chunk_0 from database storage
System.Collections.Generic.KeyNotFoundException: Chunk not found in database storage: dbde0695d96c496e9466808e1b998cf8_chunk_0
   at ChunkApplication.Services.DatabaseStorageProvider.RetrieveChunkAsync(String chunkId) in C:\Users\MONSTER\source\repos\ChunkApplication\ChunkApplication\Services\DatabaseStorageProvider.cs:line 46
2025-08-30 17:52:49.269 +03:00 [ERR] Failed to reconstruct file: dbde0695d96c496e9466808e1b998cf8
System.Collections.Generic.KeyNotFoundException: Chunk not found in database storage: dbde0695d96c496e9466808e1b998cf8_chunk_0
   at ChunkApplication.Services.DatabaseStorageProvider.RetrieveChunkAsync(String chunkId) in C:\Users\MONSTER\source\repos\ChunkApplication\ChunkApplication\Services\DatabaseStorageProvider.cs:line 46
   at ChunkApplication.Services.ChunkService.ReconstructFileAsync(String fileId, String outputPath) in C:\Users\MONSTER\source\repos\ChunkApplication\ChunkApplication\Services\ChunkService.cs:line 163
2025-08-30 17:54:13.272 +03:00 [INF] Starting Chunk Application...
2025-08-30 17:54:13.977 +03:00 [INF] DbContext retrieved successfully
2025-08-30 17:54:14.979 +03:00 [INF] Executed DbCommand (23ms) [Parameters=[], CommandType='"Text"', CommandTimeout='30']
SELECT 1
2025-08-30 17:54:15.021 +03:00 [INF] Executed DbCommand (27ms) [Parameters=[], CommandType='"Text"', CommandTimeout='30']

IF EXISTS
    (SELECT *
     FROM [sys].[objects] o
     WHERE [o].[type] = 'U'
     AND [o].[is_ms_shipped] = 0
     AND NOT EXISTS (SELECT *
         FROM [sys].[extended_properties] AS [ep]
         WHERE [ep].[major_id] = [o].[object_id]
             AND [ep].[minor_id] = 0
             AND [ep].[class] = 1
             AND [ep].[name] = N'microsoft_database_tools_support'
    )
)
SELECT 1 ELSE SELECT 0
2025-08-30 17:54:15.022 +03:00 [INF] Database initialized successfully
2025-08-30 17:54:15.040 +03:00 [INF] Welcome to Chunk Application!
2025-08-30 17:54:15.040 +03:00 [INF] This application demonstrates file chunking and distributed storage capabilities.
2025-08-30 17:54:27.464 +03:00 [INF] Executed DbCommand (28ms) [Parameters=[@__id_0='?' (Size = 50)], CommandType='"Text"', CommandTimeout='30']
SELECT [t].[Id], [t].[Checksum], [t].[ChunkSize], [t].[CreatedAt], [t].[FileName], [t].[FileSize], [t].[LastAccessed], [t].[OriginalPath], [t].[TotalChunks], [c].[Id], [c].[Checksum], [c].[ChunkNumber], [c].[ChunkSize], [c].[CreatedAt], [c].[FileId], [c].[StorageProvider]
FROM (
    SELECT TOP(1) [f].[Id], [f].[Checksum], [f].[ChunkSize], [f].[CreatedAt], [f].[FileName], [f].[FileSize], [f].[LastAccessed], [f].[OriginalPath], [f].[TotalChunks]
    FROM [Files] AS [f]
    WHERE [f].[Id] = @__id_0
) AS [t]
LEFT JOIN [Chunks] AS [c] ON [t].[Id] = [c].[FileId]
ORDER BY [t].[Id]
2025-08-30 17:54:38.242 +03:00 [INF] Starting file reconstruction process...
2025-08-30 17:54:38.246 +03:00 [INF] Starting to reconstruct file: dbde0695d96c496e9466808e1b998cf8 to birlestirilmis
2025-08-30 17:54:38.251 +03:00 [INF] Executed DbCommand (2ms) [Parameters=[@__id_0='?' (Size = 50)], CommandType='"Text"', CommandTimeout='30']
SELECT [t].[Id], [t].[Checksum], [t].[ChunkSize], [t].[CreatedAt], [t].[FileName], [t].[FileSize], [t].[LastAccessed], [t].[OriginalPath], [t].[TotalChunks], [c].[Id], [c].[Checksum], [c].[ChunkNumber], [c].[ChunkSize], [c].[CreatedAt], [c].[FileId], [c].[StorageProvider]
FROM (
    SELECT TOP(1) [f].[Id], [f].[Checksum], [f].[ChunkSize], [f].[CreatedAt], [f].[FileName], [f].[FileSize], [f].[LastAccessed], [f].[OriginalPath], [f].[TotalChunks]
    FROM [Files] AS [f]
    WHERE [f].[Id] = @__id_0
) AS [t]
LEFT JOIN [Chunks] AS [c] ON [t].[Id] = [c].[FileId]
ORDER BY [t].[Id]
2025-08-30 17:54:38.284 +03:00 [ERR] Failed to retrieve chunk dbde0695d96c496e9466808e1b998cf8_chunk_0 from database storage
System.Collections.Generic.KeyNotFoundException: Chunk not found in database storage: dbde0695d96c496e9466808e1b998cf8_chunk_0
   at ChunkApplication.Services.DatabaseStorageProvider.RetrieveChunkAsync(String chunkId) in C:\Users\MONSTER\source\repos\ChunkApplication\ChunkApplication\Services\DatabaseStorageProvider.cs:line 46
2025-08-30 17:54:38.359 +03:00 [ERR] Failed to reconstruct file: dbde0695d96c496e9466808e1b998cf8
System.Collections.Generic.KeyNotFoundException: Chunk not found in database storage: dbde0695d96c496e9466808e1b998cf8_chunk_0
   at ChunkApplication.Services.DatabaseStorageProvider.RetrieveChunkAsync(String chunkId) in C:\Users\MONSTER\source\repos\ChunkApplication\ChunkApplication\Services\DatabaseStorageProvider.cs:line 46
   at ChunkApplication.Services.ChunkService.ReconstructFileAsync(String fileId, String outputPath) in C:\Users\MONSTER\source\repos\ChunkApplication\ChunkApplication\Services\ChunkService.cs:line 163
2025-08-30 17:57:09.587 +03:00 [INF] Starting Chunk Application...
2025-08-30 17:57:10.310 +03:00 [INF] DbContext retrieved successfully
2025-08-30 17:57:11.448 +03:00 [INF] Executed DbCommand (34ms) [Parameters=[], CommandType='"Text"', CommandTimeout='30']
SELECT 1
2025-08-30 17:57:11.505 +03:00 [INF] Executed DbCommand (33ms) [Parameters=[], CommandType='"Text"', CommandTimeout='30']

IF EXISTS
    (SELECT *
     FROM [sys].[objects] o
     WHERE [o].[type] = 'U'
     AND [o].[is_ms_shipped] = 0
     AND NOT EXISTS (SELECT *
         FROM [sys].[extended_properties] AS [ep]
         WHERE [ep].[major_id] = [o].[object_id]
             AND [ep].[minor_id] = 0
             AND [ep].[class] = 1
             AND [ep].[name] = N'microsoft_database_tools_support'
    )
)
SELECT 1 ELSE SELECT 0
2025-08-30 17:57:11.507 +03:00 [INF] Database initialized successfully
2025-08-30 17:57:11.528 +03:00 [INF] Welcome to Chunk Application!
2025-08-30 17:57:11.529 +03:00 [INF] This application demonstrates file chunking and distributed storage capabilities.
2025-08-30 17:57:15.700 +03:00 [INF] Executed DbCommand (4ms) [Parameters=[], CommandType='"Text"', CommandTimeout='30']
SELECT [f].[Id], [f].[Checksum], [f].[ChunkSize], [f].[CreatedAt], [f].[FileName], [f].[FileSize], [f].[LastAccessed], [f].[OriginalPath], [f].[TotalChunks], [c].[Id], [c].[Checksum], [c].[ChunkNumber], [c].[ChunkSize], [c].[CreatedAt], [c].[FileId], [c].[StorageProvider]
FROM [Files] AS [f]
LEFT JOIN [Chunks] AS [c] ON [f].[Id] = [c].[FileId]
ORDER BY [f].[Id]
2025-08-30 17:57:37.039 +03:00 [INF] Starting file reconstruction process...
2025-08-30 17:57:41.538 +03:00 [INF] Starting to reconstruct file: dbde0695d96c496e9466808e1b998cf8 to birlestirilmis
2025-08-30 17:57:44.246 +03:00 [INF] Executed DbCommand (34ms) [Parameters=[@__id_0='?' (Size = 50)], CommandType='"Text"', CommandTimeout='30']
SELECT [t].[Id], [t].[Checksum], [t].[ChunkSize], [t].[CreatedAt], [t].[FileName], [t].[FileSize], [t].[LastAccessed], [t].[OriginalPath], [t].[TotalChunks], [c].[Id], [c].[Checksum], [c].[ChunkNumber], [c].[ChunkSize], [c].[CreatedAt], [c].[FileId], [c].[StorageProvider]
FROM (
    SELECT TOP(1) [f].[Id], [f].[Checksum], [f].[ChunkSize], [f].[CreatedAt], [f].[FileName], [f].[FileSize], [f].[LastAccessed], [f].[OriginalPath], [f].[TotalChunks]
    FROM [Files] AS [f]
    WHERE [f].[Id] = @__id_0
) AS [t]
LEFT JOIN [Chunks] AS [c] ON [t].[Id] = [c].[FileId]
ORDER BY [t].[Id]
2025-08-30 17:57:56.975 +03:00 [ERR] Failed to retrieve chunk dbde0695d96c496e9466808e1b998cf8_chunk_0 from database storage
System.Collections.Generic.KeyNotFoundException: Chunk not found in database storage: dbde0695d96c496e9466808e1b998cf8_chunk_0
   at ChunkApplication.Services.DatabaseStorageProvider.RetrieveChunkAsync(String chunkId) in C:\Users\MONSTER\source\repos\ChunkApplication\ChunkApplication\Services\DatabaseStorageProvider.cs:line 46
2025-08-30 17:58:43.085 +03:00 [INF] Starting Chunk Application...
2025-08-30 17:58:43.726 +03:00 [INF] DbContext retrieved successfully
2025-08-30 17:58:44.729 +03:00 [INF] Executed DbCommand (24ms) [Parameters=[], CommandType='"Text"', CommandTimeout='30']
SELECT 1
2025-08-30 17:58:44.772 +03:00 [INF] Executed DbCommand (27ms) [Parameters=[], CommandType='"Text"', CommandTimeout='30']

IF EXISTS
    (SELECT *
     FROM [sys].[objects] o
     WHERE [o].[type] = 'U'
     AND [o].[is_ms_shipped] = 0
     AND NOT EXISTS (SELECT *
         FROM [sys].[extended_properties] AS [ep]
         WHERE [ep].[major_id] = [o].[object_id]
             AND [ep].[minor_id] = 0
             AND [ep].[class] = 1
             AND [ep].[name] = N'microsoft_database_tools_support'
    )
)
SELECT 1 ELSE SELECT 0
2025-08-30 17:58:44.773 +03:00 [INF] Database initialized successfully
2025-08-30 17:58:44.791 +03:00 [INF] Welcome to Chunk Application!
2025-08-30 17:58:44.791 +03:00 [INF] This application demonstrates file chunking and distributed storage capabilities.
2025-08-30 17:59:14.476 +03:00 [INF] Starting file chunking process...
2025-08-30 17:59:14.476 +03:00 [INF] Chunk size will be calculated automatically based on file size.
2025-08-30 17:59:14.479 +03:00 [INF] Starting to chunk file: C:\Users\MONSTER\Desktop\deneme2.txt
2025-08-30 17:59:14.509 +03:00 [INF] File size: 13 bytes, Target chunks: 2, Chunk size: 6 bytes
2025-08-30 17:59:14.522 +03:00 [INF] Stored chunk 166431fe6da04c71a238ccd98d0d285c_chunk_0 to file system. Size: 6 bytes
2025-08-30 17:59:14.524 +03:00 [INF] Stored chunk 166431fe6da04c71a238ccd98d0d285c_chunk_1 to file system. Size: 7 bytes
2025-08-30 17:59:14.751 +03:00 [INF] Executed DbCommand (27ms) [Parameters=[@p0='?' (Size = 50), @p1='?' (Size = 64), @p2='?' (DbType = Int32), @p3='?' (DbType = DateTime2), @p4='?' (Size = 255), @p5='?' (DbType = Int64), @p6='?' (DbType = DateTime2), @p7='?' (Size = 500), @p8='?' (DbType = Int32), @p9='?' (Size = 50), @p10='?' (Size = 64), @p11='?' (DbType = Int32), @p12='?' (DbType = Int32), @p13='?' (DbType = DateTime2), @p14='?' (Size = 50), @p15='?' (Size = 100), @p16='?' (Size = 50), @p17='?' (Size = 64), @p18='?' (DbType = Int32), @p19='?' (DbType = Int32), @p20='?' (DbType = DateTime2), @p21='?' (Size = 50), @p22='?' (Size = 100)], CommandType='"Text"', CommandTimeout='30']
SET NOCOUNT ON;
INSERT INTO [Files] ([Id], [Checksum], [ChunkSize], [CreatedAt], [FileName], [FileSize], [LastAccessed], [OriginalPath], [TotalChunks])
VALUES (@p0, @p1, @p2, @p3, @p4, @p5, @p6, @p7, @p8);
INSERT INTO [Chunks] ([Id], [Checksum], [ChunkNumber], [ChunkSize], [CreatedAt], [FileId], [StorageProvider])
VALUES (@p9, @p10, @p11, @p12, @p13, @p14, @p15),
(@p16, @p17, @p18, @p19, @p20, @p21, @p22);
2025-08-30 17:59:14.776 +03:00 [INF] Successfully chunked file deneme2.txt into 2 chunks
2025-08-30 17:59:22.827 +03:00 [INF] Executed DbCommand (1ms) [Parameters=[], CommandType='"Text"', CommandTimeout='30']
SELECT [f].[Id], [f].[Checksum], [f].[ChunkSize], [f].[CreatedAt], [f].[FileName], [f].[FileSize], [f].[LastAccessed], [f].[OriginalPath], [f].[TotalChunks], [c].[Id], [c].[Checksum], [c].[ChunkNumber], [c].[ChunkSize], [c].[CreatedAt], [c].[FileId], [c].[StorageProvider]
FROM [Files] AS [f]
LEFT JOIN [Chunks] AS [c] ON [f].[Id] = [c].[FileId]
ORDER BY [f].[Id]
2025-08-30 17:59:35.836 +03:00 [INF] Starting file reconstruction process...
2025-08-30 17:59:37.904 +03:00 [INF] Starting to reconstruct file: 166431fe6da04c71a238ccd98d0d285c to birlestirilmis
2025-08-30 17:59:39.036 +03:00 [INF] Executed DbCommand (1ms) [Parameters=[@__id_0='?' (Size = 50)], CommandType='"Text"', CommandTimeout='30']
SELECT [t].[Id], [t].[Checksum], [t].[ChunkSize], [t].[CreatedAt], [t].[FileName], [t].[FileSize], [t].[LastAccessed], [t].[OriginalPath], [t].[TotalChunks], [c].[Id], [c].[Checksum], [c].[ChunkNumber], [c].[ChunkSize], [c].[CreatedAt], [c].[FileId], [c].[StorageProvider]
FROM (
    SELECT TOP(1) [f].[Id], [f].[Checksum], [f].[ChunkSize], [f].[CreatedAt], [f].[FileName], [f].[FileSize], [f].[LastAccessed], [f].[OriginalPath], [f].[TotalChunks]
    FROM [Files] AS [f]
    WHERE [f].[Id] = @__id_0
) AS [t]
LEFT JOIN [Chunks] AS [c] ON [t].[Id] = [c].[FileId]
ORDER BY [t].[Id]
2025-08-30 17:59:54.635 +03:00 [INF] Retrieved chunk 166431fe6da04c71a238ccd98d0d285c_chunk_0 from file system. Size: 6 bytes
2025-08-30 18:00:10.142 +03:00 [INF] Retrieved chunk 166431fe6da04c71a238ccd98d0d285c_chunk_1 from file system. Size: 7 bytes
2025-08-30 18:00:21.963 +03:00 [INF] Executed DbCommand (6ms) [Parameters=[@p8='?' (Size = 50), @p0='?' (Size = 64), @p1='?' (DbType = Int32), @p2='?' (DbType = DateTime2), @p3='?' (Size = 255), @p4='?' (DbType = Int64), @p5='?' (DbType = DateTime2), @p6='?' (Size = 500), @p7='?' (DbType = Int32)], CommandType='"Text"', CommandTimeout='30']
SET IMPLICIT_TRANSACTIONS OFF;
SET NOCOUNT ON;
UPDATE [Files] SET [Checksum] = @p0, [ChunkSize] = @p1, [CreatedAt] = @p2, [FileName] = @p3, [FileSize] = @p4, [LastAccessed] = @p5, [OriginalPath] = @p6, [TotalChunks] = @p7
OUTPUT 1
WHERE [Id] = @p8;
2025-08-30 18:00:27.817 +03:00 [INF] Successfully reconstructed file deneme2.txt to birlestirilmis
2025-08-30 18:00:59.144 +03:00 [INF] Executed DbCommand (2ms) [Parameters=[], CommandType='"Text"', CommandTimeout='30']
SELECT [f].[Id], [f].[Checksum], [f].[ChunkSize], [f].[CreatedAt], [f].[FileName], [f].[FileSize], [f].[LastAccessed], [f].[OriginalPath], [f].[TotalChunks], [c].[Id], [c].[Checksum], [c].[ChunkNumber], [c].[ChunkSize], [c].[CreatedAt], [c].[FileId], [c].[StorageProvider]
FROM [Files] AS [f]
LEFT JOIN [Chunks] AS [c] ON [f].[Id] = [c].[FileId]
ORDER BY [f].[Id]
2025-08-30 20:07:24.454 +03:00 [INF] Starting Chunk Application...
2025-08-30 20:07:24.531 +03:00 [INF] Created output directory: C:\Users\MONSTER\Desktop\ChunkApplication_Output
2025-08-30 20:07:25.139 +03:00 [INF] DbContext retrieved successfully
2025-08-30 20:07:26.363 +03:00 [INF] Executed DbCommand (25ms) [Parameters=[], CommandType='"Text"', CommandTimeout='30']
SELECT 1
2025-08-30 20:07:26.425 +03:00 [INF] Executed DbCommand (46ms) [Parameters=[], CommandType='"Text"', CommandTimeout='30']

IF EXISTS
    (SELECT *
     FROM [sys].[objects] o
     WHERE [o].[type] = 'U'
     AND [o].[is_ms_shipped] = 0
     AND NOT EXISTS (SELECT *
         FROM [sys].[extended_properties] AS [ep]
         WHERE [ep].[major_id] = [o].[object_id]
             AND [ep].[minor_id] = 0
             AND [ep].[class] = 1
             AND [ep].[name] = N'microsoft_database_tools_support'
    )
)
SELECT 1 ELSE SELECT 0
2025-08-30 20:07:26.427 +03:00 [INF] Database initialized successfully
2025-08-30 20:07:26.457 +03:00 [INF] Welcome to Chunk Application!
2025-08-30 20:07:26.457 +03:00 [INF] This application demonstrates file chunking and distributed storage capabilities.
2025-08-30 20:07:26.458 +03:00 [INF] Output directory: C:\Users\MONSTER\Desktop\ChunkApplication_Output
2025-08-30 20:08:26.183 +03:00 [INF] Executed DbCommand (13ms) [Parameters=[], CommandType='"Text"', CommandTimeout='30']
SELECT [f].[Id], [f].[Checksum], [f].[ChunkSize], [f].[CreatedAt], [f].[FileName], [f].[FileSize], [f].[LastAccessed], [f].[OriginalPath], [f].[TotalChunks], [c].[Id], [c].[Checksum], [c].[ChunkNumber], [c].[ChunkSize], [c].[CreatedAt], [c].[FileId], [c].[StorageProvider]
FROM [Files] AS [f]
LEFT JOIN [Chunks] AS [c] ON [f].[Id] = [c].[FileId]
ORDER BY [f].[Id]
2025-08-30 20:08:43.205 +03:00 [INF] Starting file reconstruction process...
2025-08-30 20:08:45.851 +03:00 [INF] Starting to reconstruct file: 166431fe6da04c71a238ccd98d0d285c to C:\Users\MONSTER\Desktop\ChunkApplication_Output\birlestirilen
2025-08-30 20:08:46.867 +03:00 [INF] Executed DbCommand (77ms) [Parameters=[@__id_0='?' (Size = 50)], CommandType='"Text"', CommandTimeout='30']
SELECT [t].[Id], [t].[Checksum], [t].[ChunkSize], [t].[CreatedAt], [t].[FileName], [t].[FileSize], [t].[LastAccessed], [t].[OriginalPath], [t].[TotalChunks], [c].[Id], [c].[Checksum], [c].[ChunkNumber], [c].[ChunkSize], [c].[CreatedAt], [c].[FileId], [c].[StorageProvider]
FROM (
    SELECT TOP(1) [f].[Id], [f].[Checksum], [f].[ChunkSize], [f].[CreatedAt], [f].[FileName], [f].[FileSize], [f].[LastAccessed], [f].[OriginalPath], [f].[TotalChunks]
    FROM [Files] AS [f]
    WHERE [f].[Id] = @__id_0
) AS [t]
LEFT JOIN [Chunks] AS [c] ON [t].[Id] = [c].[FileId]
ORDER BY [t].[Id]
2025-08-30 20:08:52.341 +03:00 [INF] Retrieved chunk 166431fe6da04c71a238ccd98d0d285c_chunk_0 from file system. Size: 6 bytes
2025-08-30 20:09:35.524 +03:00 [INF] Retrieved chunk 166431fe6da04c71a238ccd98d0d285c_chunk_1 from file system. Size: 7 bytes
2025-08-30 20:09:43.880 +03:00 [INF] Executed DbCommand (9ms) [Parameters=[@p8='?' (Size = 50), @p0='?' (Size = 64), @p1='?' (DbType = Int32), @p2='?' (DbType = DateTime2), @p3='?' (Size = 255), @p4='?' (DbType = Int64), @p5='?' (DbType = DateTime2), @p6='?' (Size = 500), @p7='?' (DbType = Int32)], CommandType='"Text"', CommandTimeout='30']
SET IMPLICIT_TRANSACTIONS OFF;
SET NOCOUNT ON;
UPDATE [Files] SET [Checksum] = @p0, [ChunkSize] = @p1, [CreatedAt] = @p2, [FileName] = @p3, [FileSize] = @p4, [LastAccessed] = @p5, [OriginalPath] = @p6, [TotalChunks] = @p7
OUTPUT 1
WHERE [Id] = @p8;
2025-08-30 20:09:44.557 +03:00 [INF] Successfully reconstructed file deneme2.txt to C:\Users\MONSTER\Desktop\ChunkApplication_Output\birlestirilen
2025-08-30 20:20:33.427 +03:00 [INF] Starting Chunk Application...
2025-08-30 20:20:34.299 +03:00 [INF] DbContext retrieved successfully
2025-08-30 20:20:35.487 +03:00 [INF] Executed DbCommand (30ms) [Parameters=[], CommandType='"Text"', CommandTimeout='30']
SELECT 1
2025-08-30 20:20:35.551 +03:00 [INF] Executed DbCommand (45ms) [Parameters=[], CommandType='"Text"', CommandTimeout='30']

IF EXISTS
    (SELECT *
     FROM [sys].[objects] o
     WHERE [o].[type] = 'U'
     AND [o].[is_ms_shipped] = 0
     AND NOT EXISTS (SELECT *
         FROM [sys].[extended_properties] AS [ep]
         WHERE [ep].[major_id] = [o].[object_id]
             AND [ep].[minor_id] = 0
             AND [ep].[class] = 1
             AND [ep].[name] = N'microsoft_database_tools_support'
    )
)
SELECT 1 ELSE SELECT 0
2025-08-30 20:20:35.552 +03:00 [INF] Database initialized successfully
2025-08-30 20:20:35.574 +03:00 [INF] Welcome to Chunk Application!
2025-08-30 20:20:35.574 +03:00 [INF] This application demonstrates file chunking and distributed storage capabilities.
2025-08-30 20:20:35.574 +03:00 [INF] Output directory: C:\Users\MONSTER\Desktop\ChunkApplication_Output
